<?xml version="1.0" encoding="UTF-8"?>
<testng-results skipped="0" failed="0" ignored="0" total="2" passed="2">
  <reporter-output>
  </reporter-output>
  <suite name="Default suite" duration-ms="5102" started-at="2020-06-16T12:38:01Z" finished-at="2020-06-16T12:38:06Z">
    <groups>
    </groups>
    <test name="Default test" duration-ms="5102" started-at="2020-06-16T12:38:01Z" finished-at="2020-06-16T12:38:06Z">
      <class name="getRequest.getData">
        <test-method status="PASS" signature="testBody()[pri:0, instance:getRequest.getData@4520ebad]" name="testBody" duration-ms="4245" started-at="2020-06-16T19:38:01Z" finished-at="2020-06-16T19:38:05Z">
          <reporter-output>
          </reporter-output>
        </test-method> <!-- testBody -->
        <test-method status="PASS" signature="testRespond()[pri:0, instance:getRequest.getData@4520ebad]" name="testRespond" duration-ms="816" started-at="2020-06-16T19:38:05Z" finished-at="2020-06-16T19:38:06Z">
          <reporter-output>
          </reporter-output>
        </test-method> <!-- testRespond -->
      </class> <!-- getRequest.getData -->
    </test> <!-- Default test -->
  </suite> <!-- Default suite -->
</testng-results>
